{
  "RSpec": {
    "coverage": {
      "/Users/yems/Projects/bookmark_manager/spec/bookmark_spec.rb": [
        1,
        null,
        null,
        1,
        1,
        1,
        1,
        null,
        null,
        1,
        1,
        1,
        null,
        1,
        null,
        1,
        1,
        1,
        null,
        null,
        null,
        1,
        1,
        1,
        1,
        null,
        null,
        null
      ],
      "/Users/yems/Projects/bookmark_manager/spec/features/bookmarks_new_spec.rb": [
        1,
        1,
        1,
        1,
        0,
        0,
        null,
        null
      ],
      "/Users/yems/Projects/bookmark_manager/spec/features/bookmarks_spec.rb": [
        null,
        null,
        null,
        null,
        null,
        null,
        null,
        null,
        null,
        null,
        null,
        null,
        null,
        null,
        null
      ],
      "/Users/yems/Projects/bookmark_manager/spec/features/index_spec.rb": [
        1,
        1,
        1,
        1,
        null,
        null
      ],
      "/Users/yems/Projects/bookmark_manager/spec/features/viewing_bookmarks_spec.rb": [
        1,
        null,
        1,
        1,
        1,
        null,
        null,
        1,
        1,
        1,
        null,
        1,
        null,
        1,
        1,
        1,
        null,
        null
      ]
    },
    "timestamp": 1558622633
  }
}
